[ 2016-10-17T14:37:56+08:00 ] 127.0.0.1 /Home/WX/index
INFO: [ app_init ] --START--
INFO: Run Behavior\BuildLiteBehavior [ RunTime:0.000015s ]
INFO: [ app_init ] --END-- [ RunTime:0.000614s ]
INFO: [ app_begin ] --START--
INFO: Run Behavior\ReadHtmlCacheBehavior [ RunTime:0.001052s ]
INFO: [ app_begin ] --END-- [ RunTime:0.001134s ]
NOTIC: [8] Undefined index: echostr F:\lr\Application\Home\Controller\WXController.class.php 第 8 行.
NOTIC: [8] Undefined index: signature F:\lr\Application\Home\Controller\WXController.class.php 第 96 行.
NOTIC: [8] Undefined index: timestamp F:\lr\Application\Home\Controller\WXController.class.php 第 97 行.
NOTIC: [8] Undefined index: nonce F:\lr\Application\Home\Controller\WXController.class.php 第 98 行.
NOTIC: [8] Undefined index: HTTP_RAW_POST_DATA F:\lr\Application\Home\Controller\WXController.class.php 第 13 行.

[ 2016-10-17T14:38:00+08:00 ] 127.0.0.1 /Home/WX/index?signature=0f44a099bfa8f3d4087b2eea7078f930ad9c1673&echostr=860764327902999546&timestamp=1476686280&nonce=285871909
INFO: [ app_init ] --START--
INFO: Run Behavior\BuildLiteBehavior [ RunTime:0.000017s ]
INFO: [ app_init ] --END-- [ RunTime:0.000582s ]
INFO: [ app_begin ] --START--
INFO: Run Behavior\ReadHtmlCacheBehavior [ RunTime:0.001106s ]
INFO: [ app_begin ] --END-- [ RunTime:0.001170s ]

[ 2016-10-17T14:38:37+08:00 ] 127.0.0.1 /Home/WX/index
INFO: [ app_init ] --START--
INFO: Run Behavior\BuildLiteBehavior [ RunTime:0.000018s ]
INFO: [ app_init ] --END-- [ RunTime:0.000607s ]
INFO: [ app_begin ] --START--
INFO: Run Behavior\ReadHtmlCacheBehavior [ RunTime:0.001252s ]
INFO: [ app_begin ] --END-- [ RunTime:0.001312s ]
NOTIC: [8] Undefined index: echostr F:\lr\Application\Home\Controller\WXController.class.php 第 8 行.
NOTIC: [8] Undefined index: signature F:\lr\Application\Home\Controller\WXController.class.php 第 96 行.
NOTIC: [8] Undefined index: timestamp F:\lr\Application\Home\Controller\WXController.class.php 第 97 行.
NOTIC: [8] Undefined index: nonce F:\lr\Application\Home\Controller\WXController.class.php 第 98 行.
NOTIC: [8] Undefined index: HTTP_RAW_POST_DATA F:\lr\Application\Home\Controller\WXController.class.php 第 13 行.

[ 2016-10-17T14:38:45+08:00 ] 127.0.0.1 /
INFO: [ app_init ] --START--
INFO: Run Behavior\BuildLiteBehavior [ RunTime:0.000014s ]
INFO: [ app_init ] --END-- [ RunTime:0.000549s ]
INFO: [ app_begin ] --START--
INFO: Run Behavior\ReadHtmlCacheBehavior [ RunTime:0.001052s ]
INFO: [ app_begin ] --END-- [ RunTime:0.001111s ]
INFO: [ app_end ] --START--
INFO: Run Behavior\ShowPageTraceBehavior [ RunTime:0.001127s ]
INFO: [ app_end ] --END-- [ RunTime:0.001192s ]

[ 2016-10-17T14:45:12+08:00 ] 127.0.0.1 /index.php
INFO: [ app_init ] --START--
INFO: Run Behavior\BuildLiteBehavior [ RunTime:0.000015s ]
INFO: [ app_init ] --END-- [ RunTime:0.000653s ]
INFO: [ app_begin ] --START--
INFO: Run Behavior\ReadHtmlCacheBehavior [ RunTime:0.000785s ]
INFO: [ app_begin ] --END-- [ RunTime:0.000832s ]
INFO: [ app_end ] --START--
INFO: Run Behavior\ShowPageTraceBehavior [ RunTime:0.000905s ]
INFO: [ app_end ] --END-- [ RunTime:0.000971s ]

[ 2016-10-17T14:48:20+08:00 ] 127.0.0.1 /index.php
INFO: [ app_init ] --START--
INFO: Run Behavior\BuildLiteBehavior [ RunTime:0.000013s ]
INFO: [ app_init ] --END-- [ RunTime:0.000520s ]
INFO: [ app_begin ] --START--
INFO: Run Behavior\ReadHtmlCacheBehavior [ RunTime:0.000796s ]
INFO: [ app_begin ] --END-- [ RunTime:0.000843s ]
INFO: [ app_end ] --START--
INFO: Run Behavior\ShowPageTraceBehavior [ RunTime:0.000839s ]
INFO: [ app_end ] --END-- [ RunTime:0.000889s ]

[ 2016-10-17T14:48:22+08:00 ] 127.0.0.1 /Home/WX/index?signature=a41ed95ab107489624c08e934b797967584054b6&timestamp=1476686901&nonce=1203097240&openid=o81uSwYCjXGj53CVEPzjsERcslgo
INFO: [ app_init ] --START--
INFO: Run Behavior\BuildLiteBehavior [ RunTime:0.000017s ]
INFO: [ app_init ] --END-- [ RunTime:0.000462s ]
INFO: [ app_begin ] --START--
INFO: Run Behavior\ReadHtmlCacheBehavior [ RunTime:0.000740s ]
INFO: [ app_begin ] --END-- [ RunTime:0.000830s ]
NOTIC: [8] Undefined index: echostr F:\lr\Application\Home\Controller\WXController.class.php 第 8 行.
SQL: SHOW COLUMNS FROM `think_wx_user` [ RunTime:0.0217s ]
SQL: SELECT * FROM `think_wx_user` WHERE `openid` = 'o81uSwYCjXGj53CVEPzjsERcslgo' LIMIT 1   [ RunTime:0.0011s ]
SQL: INSERT INTO `think_wx_user` (`openid`,`add_time`,`update_time`) VALUES ('o81uSwYCjXGj53CVEPzjsERcslgo','2016-10-17 14:48:22','2016-10-17 14:48:22') [ RunTime:0.0018s ]

[ 2016-10-17T14:50:15+08:00 ] 127.0.0.1 /
INFO: [ app_init ] --START--
INFO: Run Behavior\BuildLiteBehavior [ RunTime:0.000012s ]
INFO: [ app_init ] --END-- [ RunTime:0.000492s ]
INFO: [ app_begin ] --START--
INFO: Run Behavior\ReadHtmlCacheBehavior [ RunTime:0.000649s ]
INFO: [ app_begin ] --END-- [ RunTime:0.000693s ]
INFO: [ app_end ] --START--
INFO: Run Behavior\ShowPageTraceBehavior [ RunTime:0.000715s ]
INFO: [ app_end ] --END-- [ RunTime:0.000750s ]

[ 2016-10-17T14:56:36+08:00 ] 127.0.0.1 /
INFO: [ app_init ] --START--
INFO: Run Behavior\BuildLiteBehavior [ RunTime:0.000011s ]
INFO: [ app_init ] --END-- [ RunTime:0.000429s ]
INFO: [ app_begin ] --START--
INFO: Run Behavior\ReadHtmlCacheBehavior [ RunTime:0.000636s ]
INFO: [ app_begin ] --END-- [ RunTime:0.000671s ]

[ 2016-10-17T15:07:18+08:00 ] 127.0.0.1 /
INFO: [ app_init ] --START--
INFO: Run Behavior\BuildLiteBehavior [ RunTime:0.000017s ]
INFO: [ app_init ] --END-- [ RunTime:0.000614s ]
INFO: [ app_begin ] --START--
INFO: Run Behavior\ReadHtmlCacheBehavior [ RunTime:0.000969s ]
INFO: [ app_begin ] --END-- [ RunTime:0.001040s ]

[ 2016-10-17T15:08:04+08:00 ] 127.0.0.1 /
INFO: [ app_init ] --START--
INFO: Run Behavior\BuildLiteBehavior [ RunTime:0.000015s ]
INFO: [ app_init ] --END-- [ RunTime:0.000511s ]
INFO: [ app_begin ] --START--
INFO: Run Behavior\ReadHtmlCacheBehavior [ RunTime:0.000828s ]
INFO: [ app_begin ] --END-- [ RunTime:0.000872s ]

[ 2016-10-17T15:11:10+08:00 ] 127.0.0.1 /
INFO: [ app_init ] --START--
INFO: Run Behavior\BuildLiteBehavior [ RunTime:0.000015s ]
INFO: [ app_init ] --END-- [ RunTime:0.000531s ]
INFO: [ app_begin ] --START--
INFO: Run Behavior\ReadHtmlCacheBehavior [ RunTime:0.000830s ]
INFO: [ app_begin ] --END-- [ RunTime:0.000881s ]
NOTIC: [2] include_once(F:\lr\Application\Home\Controller/config.php): failed to open stream: No such file or directory F:\lr\Application\Home\Controller\IndexController.class.php 第 11 行.
NOTIC: [2] include_once(): Failed opening 'F:\lr\Application\Home\Controller/config.php' for inclusion (include_path='.;C:\php\pear') F:\lr\Application\Home\Controller\IndexController.class.php 第 11 行.
NOTIC: [2] include_once(F:\lr\Application\Home\Controller/autoloader.php): failed to open stream: No such file or directory F:\lr\Application\Home\Controller\IndexController.class.php 第 13 行.
NOTIC: [2] include_once(): Failed opening 'F:\lr\Application\Home\Controller/autoloader.php' for inclusion (include_path='.;C:\php\pear') F:\lr\Application\Home\Controller\IndexController.class.php 第 13 行.

[ 2016-10-17T15:11:32+08:00 ] 127.0.0.1 /
INFO: [ app_init ] --START--
INFO: Run Behavior\BuildLiteBehavior [ RunTime:0.000023s ]
INFO: [ app_init ] --END-- [ RunTime:0.000504s ]
INFO: [ app_begin ] --START--
INFO: Run Behavior\ReadHtmlCacheBehavior [ RunTime:0.000674s ]
INFO: [ app_begin ] --END-- [ RunTime:0.000710s ]

[ 2016-10-17T15:11:34+08:00 ] 127.0.0.1 /
INFO: [ app_init ] --START--
INFO: Run Behavior\BuildLiteBehavior [ RunTime:0.000016s ]
INFO: [ app_init ] --END-- [ RunTime:0.000519s ]
INFO: [ app_begin ] --START--
INFO: Run Behavior\ReadHtmlCacheBehavior [ RunTime:0.000611s ]
INFO: [ app_begin ] --END-- [ RunTime:0.000650s ]

[ 2016-10-17T15:12:33+08:00 ] 127.0.0.1 /
INFO: [ app_init ] --START--
INFO: Run Behavior\BuildLiteBehavior [ RunTime:0.000014s ]
INFO: [ app_init ] --END-- [ RunTime:0.000432s ]
INFO: [ app_begin ] --START--
INFO: Run Behavior\ReadHtmlCacheBehavior [ RunTime:0.000817s ]
INFO: [ app_begin ] --END-- [ RunTime:0.000872s ]
NOTIC: [2] include_once(F:\lr\Application\Home\Controller/config.php): failed to open stream: No such file or directory F:\lr\Application\Home\Controller\IndexController.class.php 第 11 行.
NOTIC: [2] include_once(): Failed opening 'F:\lr\Application\Home\Controller/config.php' for inclusion (include_path='.;C:\php\pear') F:\lr\Application\Home\Controller\IndexController.class.php 第 11 行.

[ 2016-10-17T15:12:59+08:00 ] 127.0.0.1 /
INFO: [ app_init ] --START--
INFO: Run Behavior\BuildLiteBehavior [ RunTime:0.000022s ]
INFO: [ app_init ] --END-- [ RunTime:0.000738s ]
INFO: [ app_begin ] --START--
INFO: Run Behavior\ReadHtmlCacheBehavior [ RunTime:0.000725s ]
INFO: [ app_begin ] --END-- [ RunTime:0.000767s ]
NOTIC: [2] include_once(F:\lr\Application\Home\Controller/config.php): failed to open stream: No such file or directory F:\lr\Application\Home\Controller\IndexController.class.php 第 11 行.
NOTIC: [2] include_once(): Failed opening 'F:\lr\Application\Home\Controller/config.php' for inclusion (include_path='.;C:\php\pear') F:\lr\Application\Home\Controller\IndexController.class.php 第 11 行.

[ 2016-10-17T15:19:32+08:00 ] 127.0.0.1 /
INFO: [ app_init ] --START--
INFO: Run Behavior\BuildLiteBehavior [ RunTime:0.000027s ]
INFO: [ app_init ] --END-- [ RunTime:0.000603s ]
INFO: [ app_begin ] --START--
INFO: Run Behavior\ReadHtmlCacheBehavior [ RunTime:0.000897s ]
INFO: [ app_begin ] --END-- [ RunTime:0.000985s ]
NOTIC: [2] include_once(F:\lr\Application\Home\Controller/config.php): failed to open stream: No such file or directory F:\lr\Application\Home\Controller\IndexController.class.php 第 12 行.
NOTIC: [2] include_once(): Failed opening 'F:\lr\Application\Home\Controller/config.php' for inclusion (include_path='.;C:\php\pear') F:\lr\Application\Home\Controller\IndexController.class.php 第 12 行.

[ 2016-10-17T15:23:05+08:00 ] 127.0.0.1 /
INFO: [ app_init ] --START--
INFO: Run Behavior\BuildLiteBehavior [ RunTime:0.000014s ]
INFO: [ app_init ] --END-- [ RunTime:0.000547s ]
INFO: [ app_begin ] --START--
INFO: Run Behavior\ReadHtmlCacheBehavior [ RunTime:0.000886s ]
INFO: [ app_begin ] --END-- [ RunTime:0.000936s ]

[ 2016-10-17T15:23:19+08:00 ] 127.0.0.1 /
INFO: [ app_init ] --START--
INFO: Run Behavior\BuildLiteBehavior [ RunTime:0.000025s ]
INFO: [ app_init ] --END-- [ RunTime:0.000719s ]
INFO: [ app_begin ] --START--
INFO: Run Behavior\ReadHtmlCacheBehavior [ RunTime:0.001183s ]
INFO: [ app_begin ] --END-- [ RunTime:0.001251s ]

[ 2016-10-17T15:23:23+08:00 ] 127.0.0.1 /
INFO: [ app_init ] --START--
INFO: Run Behavior\BuildLiteBehavior [ RunTime:0.000015s ]
INFO: [ app_init ] --END-- [ RunTime:0.000465s ]
INFO: [ app_begin ] --START--
INFO: Run Behavior\ReadHtmlCacheBehavior [ RunTime:0.000820s ]
INFO: [ app_begin ] --END-- [ RunTime:0.000869s ]
INFO: [ app_end ] --START--
INFO: Run Behavior\ShowPageTraceBehavior [ RunTime:0.000846s ]
INFO: [ app_end ] --END-- [ RunTime:0.000910s ]

[ 2016-10-17T15:38:49+08:00 ] 127.0.0.1 /Home/WX/index?signature=2d8dce3f84a11f9c37fa4f6812f7fed3a9087f32&timestamp=1476689929&nonce=2004775499&openid=o81uSwYCjXGj53CVEPzjsERcslgo
INFO: [ app_init ] --START--
INFO: Run Behavior\BuildLiteBehavior [ RunTime:0.000011s ]
INFO: [ app_init ] --END-- [ RunTime:0.000539s ]
INFO: [ app_begin ] --START--
INFO: Run Behavior\ReadHtmlCacheBehavior [ RunTime:0.000825s ]
INFO: [ app_begin ] --END-- [ RunTime:0.000872s ]
NOTIC: [8] Undefined index: echostr F:\lr\Application\Home\Controller\WXController.class.php 第 10 行.
SQL: SHOW COLUMNS FROM `think_wx_user` [ RunTime:0.0024s ]
SQL: SELECT * FROM `think_wx_user` WHERE `openid` = 'o81uSwYCjXGj53CVEPzjsERcslgo' LIMIT 1   [ RunTime:0.0013s ]
INFO: [ app_end ] --START--
INFO: Run Behavior\ShowPageTraceBehavior [ RunTime:0.000813s ]
INFO: [ app_end ] --END-- [ RunTime:0.000855s ]

[ 2016-10-17T15:40:03+08:00 ] 127.0.0.1 /Home/WX/index?signature=fcd74794d4130cd616a4f9618cd9275edfc6a888&echostr=7463084356405685591&timestamp=1476690003&nonce=1292979783
INFO: [ app_init ] --START--
INFO: Run Behavior\BuildLiteBehavior [ RunTime:0.000017s ]
INFO: [ app_init ] --END-- [ RunTime:0.000570s ]
INFO: [ app_begin ] --START--
INFO: Run Behavior\ReadHtmlCacheBehavior [ RunTime:0.001202s ]
INFO: [ app_begin ] --END-- [ RunTime:0.001267s ]

[ 2016-10-17T15:40:32+08:00 ] 127.0.0.1 /Home/WX/index?signature=079d520ed55613453c24ea4ee7512d9a41632d37&timestamp=1476690032&nonce=1148778185&openid=o81uSwYCjXGj53CVEPzjsERcslgo
INFO: [ app_init ] --START--
INFO: Run Behavior\BuildLiteBehavior [ RunTime:0.000017s ]
INFO: [ app_init ] --END-- [ RunTime:0.000581s ]
INFO: [ app_begin ] --START--
INFO: Run Behavior\ReadHtmlCacheBehavior [ RunTime:0.001053s ]
INFO: [ app_begin ] --END-- [ RunTime:0.001115s ]
NOTIC: [8] Undefined index: echostr F:\lr\Application\Home\Controller\WXController.class.php 第 10 行.
SQL: SHOW COLUMNS FROM `think_wx_user` [ RunTime:0.0037s ]
SQL: SELECT * FROM `think_wx_user` WHERE `openid` = 'o81uSwYCjXGj53CVEPzjsERcslgo' LIMIT 1   [ RunTime:0.0012s ]
INFO: [ app_end ] --START--
INFO: Run Behavior\ShowPageTraceBehavior [ RunTime:0.001196s ]
INFO: [ app_end ] --END-- [ RunTime:0.001265s ]

[ 2016-10-17T15:41:10+08:00 ] 127.0.0.1 /Home/WX/index
INFO: [ app_init ] --START--
INFO: Run Behavior\BuildLiteBehavior [ RunTime:0.000012s ]
INFO: [ app_init ] --END-- [ RunTime:0.000434s ]
INFO: [ app_begin ] --START--
INFO: Run Behavior\ReadHtmlCacheBehavior [ RunTime:0.000644s ]
INFO: [ app_begin ] --END-- [ RunTime:0.000683s ]
NOTIC: [8] Undefined index: echostr F:\lr\Application\Home\Controller\WXController.class.php 第 10 行.
NOTIC: [8] Undefined index: signature F:\lr\Application\Home\Controller\WXController.class.php 第 76 行.
NOTIC: [8] Undefined index: timestamp F:\lr\Application\Home\Controller\WXController.class.php 第 77 行.
NOTIC: [8] Undefined index: nonce F:\lr\Application\Home\Controller\WXController.class.php 第 78 行.
NOTIC: [8] Undefined index: HTTP_RAW_POST_DATA F:\lr\Application\Home\Controller\WXController.class.php 第 15 行.

[ 2016-10-17T15:41:27+08:00 ] 127.0.0.1 /Home/WX/index
INFO: [ app_init ] --START--
INFO: Run Behavior\BuildLiteBehavior [ RunTime:0.000013s ]
INFO: [ app_init ] --END-- [ RunTime:0.000464s ]
INFO: [ app_begin ] --START--
INFO: Run Behavior\ReadHtmlCacheBehavior [ RunTime:0.000798s ]
INFO: [ app_begin ] --END-- [ RunTime:0.000842s ]
NOTIC: [8] Undefined index: echostr F:\lr\Application\Home\Controller\WXController.class.php 第 10 行.
NOTIC: [8] Undefined index: signature F:\lr\Application\Home\Controller\WXController.class.php 第 76 行.
NOTIC: [8] Undefined index: timestamp F:\lr\Application\Home\Controller\WXController.class.php 第 77 行.
NOTIC: [8] Undefined index: nonce F:\lr\Application\Home\Controller\WXController.class.php 第 78 行.
NOTIC: [8] Undefined index: HTTP_RAW_POST_DATA F:\lr\Application\Home\Controller\WXController.class.php 第 15 行.

[ 2016-10-17T15:42:40+08:00 ] 127.0.0.1 /Home/WX/index
INFO: [ app_init ] --START--
INFO: Run Behavior\BuildLiteBehavior [ RunTime:0.000011s ]
INFO: [ app_init ] --END-- [ RunTime:0.000350s ]
INFO: [ app_begin ] --START--
INFO: Run Behavior\ReadHtmlCacheBehavior [ RunTime:0.000653s ]
INFO: [ app_begin ] --END-- [ RunTime:0.000698s ]
NOTIC: [8] Undefined index: echostr F:\lr\Application\Home\Controller\WXController.class.php 第 10 行.
NOTIC: [8] Undefined index: signature F:\lr\Application\Home\Controller\WXController.class.php 第 81 行.
NOTIC: [8] Undefined index: timestamp F:\lr\Application\Home\Controller\WXController.class.php 第 82 行.
NOTIC: [8] Undefined index: nonce F:\lr\Application\Home\Controller\WXController.class.php 第 83 行.
NOTIC: [8] Undefined index: HTTP_RAW_POST_DATA F:\lr\Application\Home\Controller\WXController.class.php 第 15 行.

[ 2016-10-17T15:45:15+08:00 ] 127.0.0.1 /Home/WX/index?signature=fb49783be6bdee0dd89abc9e6537a760f9e5efca&timestamp=1476690315&nonce=1344375376&openid=o81uSwYCjXGj53CVEPzjsERcslgo
INFO: [ app_init ] --START--
INFO: Run Behavior\BuildLiteBehavior [ RunTime:0.000016s ]
INFO: [ app_init ] --END-- [ RunTime:0.000554s ]
INFO: [ app_begin ] --START--
INFO: Run Behavior\ReadHtmlCacheBehavior [ RunTime:0.000907s ]
INFO: [ app_begin ] --END-- [ RunTime:0.000966s ]
NOTIC: [8] Undefined index: echostr F:\lr\Application\Home\Controller\WXController.class.php 第 10 行.
SQL: SHOW COLUMNS FROM `think_wx_user` [ RunTime:0.0023s ]
SQL: SHOW COLUMNS FROM `think_wx_user` [ RunTime:0.0039s ]
SQL: SELECT * FROM `think_wx_user` WHERE `openid` = 'o81uSwYCjXGj53CVEPzjsERcslgo' LIMIT 1   [ RunTime:0.0005s ]
INFO: [ app_end ] --START--
INFO: Run Behavior\ShowPageTraceBehavior [ RunTime:0.000829s ]
INFO: [ app_end ] --END-- [ RunTime:0.000881s ]

[ 2016-10-17T15:46:02+08:00 ] 127.0.0.1 /Home/WX/index
INFO: [ app_init ] --START--
INFO: Run Behavior\BuildLiteBehavior [ RunTime:0.000014s ]
INFO: [ app_init ] --END-- [ RunTime:0.000453s ]
INFO: [ app_begin ] --START--
INFO: Run Behavior\ReadHtmlCacheBehavior [ RunTime:0.000770s ]
INFO: [ app_begin ] --END-- [ RunTime:0.000816s ]
NOTIC: [8] Undefined index: echostr F:\lr\Application\Home\Controller\WXController.class.php 第 10 行.
NOTIC: [8] Undefined index: signature F:\lr\Application\Home\Controller\WXController.class.php 第 73 行.
NOTIC: [8] Undefined index: timestamp F:\lr\Application\Home\Controller\WXController.class.php 第 74 行.
NOTIC: [8] Undefined index: nonce F:\lr\Application\Home\Controller\WXController.class.php 第 75 行.
NOTIC: [8] Undefined index: HTTP_RAW_POST_DATA F:\lr\Application\Home\Controller\WXController.class.php 第 15 行.
SQL: SHOW COLUMNS FROM `think_wx_user` [ RunTime:0.0025s ]
SQL: SHOW COLUMNS FROM `think_wx_user` [ RunTime:0.0029s ]
SQL: SELECT * FROM `think_wx_user` WHERE `openid` = '10086' LIMIT 1   [ RunTime:0.0012s ]
SQL: INSERT INTO `think_wx_user` (`openid`,`add_time`,`update_time`) VALUES ('10086','2016-10-17 15:46:02','2016-10-17 15:46:02') [ RunTime:0.0035s ]

[ 2016-10-17T15:46:33+08:00 ] 127.0.0.1 /Home/WX/index
INFO: [ app_init ] --START--
INFO: Run Behavior\BuildLiteBehavior [ RunTime:0.000015s ]
INFO: [ app_init ] --END-- [ RunTime:0.000544s ]
INFO: [ app_begin ] --START--
INFO: Run Behavior\ReadHtmlCacheBehavior [ RunTime:0.000955s ]
INFO: [ app_begin ] --END-- [ RunTime:0.001010s ]
NOTIC: [8] Undefined index: echostr F:\lr\Application\Home\Controller\WXController.class.php 第 10 行.
NOTIC: [8] Undefined index: signature F:\lr\Application\Home\Controller\WXController.class.php 第 74 行.
NOTIC: [8] Undefined index: timestamp F:\lr\Application\Home\Controller\WXController.class.php 第 75 行.
NOTIC: [8] Undefined index: nonce F:\lr\Application\Home\Controller\WXController.class.php 第 76 行.
NOTIC: [8] Undefined index: HTTP_RAW_POST_DATA F:\lr\Application\Home\Controller\WXController.class.php 第 15 行.
SQL: SHOW COLUMNS FROM `think_wx_user` [ RunTime:0.0026s ]
SQL: SHOW COLUMNS FROM `think_wx_user` [ RunTime:0.0034s ]
SQL: SELECT * FROM `think_wx_user` WHERE `openid` = '10086' LIMIT 1   [ RunTime:0.0016s ]

[ 2016-10-17T15:47:02+08:00 ] 127.0.0.1 /Home/WX/index
INFO: [ app_init ] --START--
INFO: Run Behavior\BuildLiteBehavior [ RunTime:0.000014s ]
INFO: [ app_init ] --END-- [ RunTime:0.000432s ]
INFO: [ app_begin ] --START--
INFO: Run Behavior\ReadHtmlCacheBehavior [ RunTime:0.000684s ]
INFO: [ app_begin ] --END-- [ RunTime:0.000730s ]
NOTIC: [8] Undefined index: echostr F:\lr\Application\Home\Controller\WXController.class.php 第 10 行.
NOTIC: [8] Undefined index: signature F:\lr\Application\Home\Controller\WXController.class.php 第 74 行.
NOTIC: [8] Undefined index: timestamp F:\lr\Application\Home\Controller\WXController.class.php 第 75 行.
NOTIC: [8] Undefined index: nonce F:\lr\Application\Home\Controller\WXController.class.php 第 76 行.
NOTIC: [8] Undefined index: HTTP_RAW_POST_DATA F:\lr\Application\Home\Controller\WXController.class.php 第 15 行.
SQL: SHOW COLUMNS FROM `think_wx_user` [ RunTime:0.0026s ]
SQL: SHOW COLUMNS FROM `think_wx_user` [ RunTime:0.0033s ]
SQL: SELECT * FROM `think_wx_user` WHERE `openid` = '10086' LIMIT 1   [ RunTime:0.0010s ]

[ 2016-10-17T15:50:25+08:00 ] 127.0.0.1 /Home/WX/index?signature=6b58add2b565a9dd32cb9e74136325cba7c5632d&timestamp=1476690625&nonce=1584655379&openid=o81uSwYCjXGj53CVEPzjsERcslgo
INFO: [ app_init ] --START--
INFO: Run Behavior\BuildLiteBehavior [ RunTime:0.000023s ]
INFO: [ app_init ] --END-- [ RunTime:0.001040s ]
INFO: [ app_begin ] --START--
INFO: Run Behavior\ReadHtmlCacheBehavior [ RunTime:0.001431s ]
INFO: [ app_begin ] --END-- [ RunTime:0.001522s ]
NOTIC: [8] Undefined index: echostr F:\lr\Application\Home\Controller\WXController.class.php 第 10 行.
SQL: SHOW COLUMNS FROM `think_wx_user` [ RunTime:0.0029s ]
SQL: SHOW COLUMNS FROM `think_wx_user` [ RunTime:0.0036s ]
SQL: SELECT * FROM `think_wx_user` WHERE `openid` = 'o81uSwYCjXGj53CVEPzjsERcslgo' LIMIT 1   [ RunTime:0.0010s ]
INFO: [ app_end ] --START--
INFO: Run Behavior\ShowPageTraceBehavior [ RunTime:0.000898s ]
INFO: [ app_end ] --END-- [ RunTime:0.000942s ]

[ 2016-10-17T16:05:58+08:00 ] 127.0.0.1 /Home/WX/test
INFO: [ app_init ] --START--
INFO: Run Behavior\BuildLiteBehavior [ RunTime:0.000019s ]
INFO: [ app_init ] --END-- [ RunTime:0.000596s ]
INFO: [ app_begin ] --START--
INFO: Run Behavior\ReadHtmlCacheBehavior [ RunTime:0.000768s ]
INFO: [ app_begin ] --END-- [ RunTime:0.000825s ]
INFO: [ app_end ] --START--
INFO: Run Behavior\ShowPageTraceBehavior [ RunTime:0.000683s ]
INFO: [ app_end ] --END-- [ RunTime:0.000727s ]

[ 2016-10-17T16:06:06+08:00 ] 127.0.0.1 /Home/WX/test
INFO: [ app_init ] --START--
INFO: Run Behavior\BuildLiteBehavior [ RunTime:0.000014s ]
INFO: [ app_init ] --END-- [ RunTime:0.000446s ]
INFO: [ app_begin ] --START--
INFO: Run Behavior\ReadHtmlCacheBehavior [ RunTime:0.000773s ]
INFO: [ app_begin ] --END-- [ RunTime:0.000821s ]
INFO: [ app_end ] --START--
INFO: Run Behavior\ShowPageTraceBehavior [ RunTime:0.000806s ]
INFO: [ app_end ] --END-- [ RunTime:0.000853s ]

[ 2016-10-17T16:09:04+08:00 ] 127.0.0.1 /Home/WX/test
INFO: [ app_init ] --START--
INFO: Run Behavior\BuildLiteBehavior [ RunTime:0.000013s ]
INFO: [ app_init ] --END-- [ RunTime:0.000545s ]
INFO: [ app_begin ] --START--
INFO: Run Behavior\ReadHtmlCacheBehavior [ RunTime:0.001001s ]
INFO: [ app_begin ] --END-- [ RunTime:0.001099s ]
INFO: [ app_end ] --START--
INFO: Run Behavior\ShowPageTraceBehavior [ RunTime:0.000886s ]
INFO: [ app_end ] --END-- [ RunTime:0.000936s ]

[ 2016-10-17T16:12:05+08:00 ] 127.0.0.1 /Home/WX/test
INFO: [ app_init ] --START--
INFO: Run Behavior\BuildLiteBehavior [ RunTime:0.000017s ]
INFO: [ app_init ] --END-- [ RunTime:0.000589s ]
INFO: [ app_begin ] --START--
INFO: Run Behavior\ReadHtmlCacheBehavior [ RunTime:0.000887s ]
INFO: [ app_begin ] --END-- [ RunTime:0.000931s ]
INFO: [ app_end ] --START--
INFO: Run Behavior\ShowPageTraceBehavior [ RunTime:0.000654s ]
INFO: [ app_end ] --END-- [ RunTime:0.000692s ]

[ 2016-10-17T16:33:48+08:00 ] 127.0.0.1 /Home/WX/index
INFO: [ app_init ] --START--
INFO: Run Behavior\BuildLiteBehavior [ RunTime:0.000012s ]
INFO: [ app_init ] --END-- [ RunTime:0.000384s ]
INFO: [ app_begin ] --START--
INFO: Run Behavior\ReadHtmlCacheBehavior [ RunTime:0.000799s ]
INFO: [ app_begin ] --END-- [ RunTime:0.000832s ]
NOTIC: [8] Undefined index: echostr F:\lr\Application\Home\Controller\WXController.class.php 第 10 行.
NOTIC: [8] Undefined index: signature F:\lr\Application\Home\Controller\WXController.class.php 第 67 行.
NOTIC: [8] Undefined index: timestamp F:\lr\Application\Home\Controller\WXController.class.php 第 68 行.
NOTIC: [8] Undefined index: nonce F:\lr\Application\Home\Controller\WXController.class.php 第 69 行.
NOTIC: [8] Undefined index: HTTP_RAW_POST_DATA F:\lr\Application\Home\Controller\WXController.class.php 第 15 行.

[ 2016-10-17T16:34:02+08:00 ] 127.0.0.1 /Home/WX/index?signature=25e76a301136e32318017dd8741742f93fed794f&echostr=7652159137590521343&timestamp=1476693242&nonce=1526385525
INFO: [ app_init ] --START--
INFO: Run Behavior\BuildLiteBehavior [ RunTime:0.000025s ]
INFO: [ app_init ] --END-- [ RunTime:0.000864s ]
INFO: [ app_begin ] --START--
INFO: Run Behavior\ReadHtmlCacheBehavior [ RunTime:0.001451s ]
INFO: [ app_begin ] --END-- [ RunTime:0.001545s ]

[ 2016-10-17T16:34:22+08:00 ] 127.0.0.1 /Home/WX/index?signature=5b713f1bd0fdac0dc2caae00a80aa4aee039349d&timestamp=1476693262&nonce=1603831125&openid=oAByDt12cS_rkGoIO7quv1jhAw-E
INFO: [ app_init ] --START--
INFO: Run Behavior\BuildLiteBehavior [ RunTime:0.000011s ]
INFO: [ app_init ] --END-- [ RunTime:0.000429s ]
INFO: [ app_begin ] --START--
INFO: Run Behavior\ReadHtmlCacheBehavior [ RunTime:0.000629s ]
INFO: [ app_begin ] --END-- [ RunTime:0.000665s ]
NOTIC: [8] Undefined index: echostr F:\lr\Application\Home\Controller\WXController.class.php 第 10 行.
SQL: SHOW COLUMNS FROM `think_wx_user` [ RunTime:0.0025s ]
SQL: SHOW COLUMNS FROM `think_wx_user` [ RunTime:0.0029s ]
SQL: SELECT * FROM `think_wx_user` WHERE `openid` = 'oAByDt12cS_rkGoIO7quv1jhAw-E' LIMIT 1   [ RunTime:0.0009s ]
INFO: [ app_end ] --START--
INFO: Run Behavior\ShowPageTraceBehavior [ RunTime:0.000765s ]
INFO: [ app_end ] --END-- [ RunTime:0.000802s ]

[ 2016-10-17T17:10:31+08:00 ] 127.0.0.1 /Home/WX/index?signature=b3bc383897c7a1f8a6a7150ece5c356288325ac4&timestamp=1476695431&nonce=1888044733&openid=o81uSwYCjXGj53CVEPzjsERcslgo
INFO: [ app_init ] --START--
INFO: Run Behavior\BuildLiteBehavior [ RunTime:0.000012s ]
INFO: [ app_init ] --END-- [ RunTime:0.000421s ]
INFO: [ app_begin ] --START--
INFO: Run Behavior\ReadHtmlCacheBehavior [ RunTime:0.000667s ]
INFO: [ app_begin ] --END-- [ RunTime:0.000711s ]
NOTIC: [8] Undefined index: echostr F:\lr\Application\Home\Controller\WXController.class.php 第 10 行.
SQL: SHOW COLUMNS FROM `think_wx_user` [ RunTime:0.0082s ]
SQL: SHOW COLUMNS FROM `think_wx_user` [ RunTime:0.0031s ]
SQL: SELECT * FROM `think_wx_user` WHERE `openid` = 'o81uSwYCjXGj53CVEPzjsERcslgo' LIMIT 1   [ RunTime:0.0008s ]
INFO: [ app_end ] --START--
INFO: Run Behavior\ShowPageTraceBehavior [ RunTime:0.000860s ]
INFO: [ app_end ] --END-- [ RunTime:0.000899s ]

[ 2016-10-17T17:35:35+08:00 ] 127.0.0.1 /Home/WX/index?signature=08bd94b4074df408461c7aa2bbb58981668cf11d&timestamp=1476696934&nonce=722883056&openid=o81uSwYCjXGj53CVEPzjsERcslgo
INFO: [ app_init ] --START--
INFO: Run Behavior\BuildLiteBehavior [ RunTime:0.000017s ]
INFO: [ app_init ] --END-- [ RunTime:0.000680s ]
INFO: [ app_begin ] --START--
INFO: Run Behavior\ReadHtmlCacheBehavior [ RunTime:0.001048s ]
INFO: [ app_begin ] --END-- [ RunTime:0.001107s ]
NOTIC: [8] Undefined index: echostr F:\lr\Application\Home\Controller\WXController.class.php 第 10 行.
SQL: SHOW COLUMNS FROM `think_wx_user` [ RunTime:0.0024s ]
SQL: SHOW COLUMNS FROM `think_wx_user` [ RunTime:0.0030s ]
SQL: SELECT * FROM `think_wx_user` WHERE `openid` = 'o81uSwYCjXGj53CVEPzjsERcslgo' LIMIT 1   [ RunTime:0.0007s ]

[ 2016-10-17T17:35:51+08:00 ] 127.0.0.1 /Home/WX/index?signature=41b671454943f3b1aad66f612065bdd4090634ad&timestamp=1476696950&nonce=1435353296&openid=o81uSwYCjXGj53CVEPzjsERcslgo
INFO: [ app_init ] --START--
INFO: Run Behavior\BuildLiteBehavior [ RunTime:0.000015s ]
INFO: [ app_init ] --END-- [ RunTime:0.000581s ]
INFO: [ app_begin ] --START--
INFO: Run Behavior\ReadHtmlCacheBehavior [ RunTime:0.000796s ]
INFO: [ app_begin ] --END-- [ RunTime:0.000848s ]
NOTIC: [8] Undefined index: echostr F:\lr\Application\Home\Controller\WXController.class.php 第 10 行.

[ 2016-10-17T17:36:36+08:00 ] 127.0.0.1 /Home/WX/index?signature=184a280dfd7284cf5681ba6bbb0c1285b1432c57&timestamp=1476696996&nonce=1186396463&openid=o81uSwYCjXGj53CVEPzjsERcslgo
INFO: [ app_init ] --START--
INFO: Run Behavior\BuildLiteBehavior [ RunTime:0.000015s ]
INFO: [ app_init ] --END-- [ RunTime:0.000543s ]
INFO: [ app_begin ] --START--
INFO: Run Behavior\ReadHtmlCacheBehavior [ RunTime:0.000938s ]
INFO: [ app_begin ] --END-- [ RunTime:0.000991s ]
NOTIC: [8] Undefined index: echostr F:\lr\Application\Home\Controller\WXController.class.php 第 10 行.

[ 2016-10-17T17:41:46+08:00 ] 127.0.0.1 /Home/WX/index?signature=1c72e823d6dca6d47c2139d14620f1c9cd5a0afd&timestamp=1476697306&nonce=1670753302&openid=o81uSwYCjXGj53CVEPzjsERcslgo
INFO: [ app_init ] --START--
INFO: Run Behavior\BuildLiteBehavior [ RunTime:0.000014s ]
INFO: [ app_init ] --END-- [ RunTime:0.000504s ]
INFO: [ app_begin ] --START--
INFO: Run Behavior\ReadHtmlCacheBehavior [ RunTime:0.000808s ]
INFO: [ app_begin ] --END-- [ RunTime:0.000855s ]
NOTIC: [8] Undefined index: echostr F:\lr\Application\Home\Controller\WXController.class.php 第 10 行.
SQL: SHOW COLUMNS FROM `think_wx_user` [ RunTime:0.0083s ]
SQL: SHOW COLUMNS FROM `think_wx_user` [ RunTime:0.0040s ]
SQL: SELECT * FROM `think_wx_user` WHERE `openid` = 'o81uSwYCjXGj53CVEPzjsERcslgo' LIMIT 1   [ RunTime:0.0011s ]

[ 2016-10-17T17:42:20+08:00 ] 127.0.0.1 /Home/WX/index?signature=36bdf144b8242b9f08536492aa0aaa1f5d5fa6d9&timestamp=1476697340&nonce=1745623433&openid=o81uSwYCjXGj53CVEPzjsERcslgo
INFO: [ app_init ] --START--
INFO: Run Behavior\BuildLiteBehavior [ RunTime:0.000018s ]
INFO: [ app_init ] --END-- [ RunTime:0.000585s ]
INFO: [ app_begin ] --START--
INFO: Run Behavior\ReadHtmlCacheBehavior [ RunTime:0.001018s ]
INFO: [ app_begin ] --END-- [ RunTime:0.001079s ]
NOTIC: [8] Undefined index: echostr F:\lr\Application\Home\Controller\WXController.class.php 第 10 行.
SQL: SHOW COLUMNS FROM `think_wx_user` [ RunTime:0.0046s ]
SQL: SHOW COLUMNS FROM `think_wx_user` [ RunTime:0.0043s ]
SQL: SELECT * FROM `think_wx_user` WHERE `openid` = 'o81uSwYCjXGj53CVEPzjsERcslgo' LIMIT 1   [ RunTime:0.0011s ]

[ 2016-10-17T18:21:08+08:00 ] 127.0.0.1 /Home/WX/index?signature=7a1226dadf6d0d295d3aa7cf71fcd855109df33e&timestamp=1476699668&nonce=2089882124&openid=o81uSwYCjXGj53CVEPzjsERcslgo
INFO: [ app_init ] --START--
INFO: Run Behavior\BuildLiteBehavior [ RunTime:0.000012s ]
INFO: [ app_init ] --END-- [ RunTime:0.000465s ]
INFO: [ app_begin ] --START--
INFO: Run Behavior\ReadHtmlCacheBehavior [ RunTime:0.000612s ]
INFO: [ app_begin ] --END-- [ RunTime:0.000665s ]
NOTIC: [8] Undefined index: echostr F:\lr\Application\Home\Controller\WXController.class.php 第 11 行.
SQL: SHOW COLUMNS FROM `think_wx_user` [ RunTime:0.0028s ]
SQL: SHOW COLUMNS FROM `think_wx_user` [ RunTime:0.0029s ]
SQL: SELECT * FROM `think_wx_user` WHERE `openid` = 'o81uSwYCjXGj53CVEPzjsERcslgo' LIMIT 1   [ RunTime:0.0007s ]
SQL: SHOW COLUMNS FROM `think_keyword` [ RunTime:0.0026s ]
SQL: SHOW COLUMNS FROM `think_keyword` [ RunTime:0.0029s ]
SQL: SELECT `return_type`,`return_id` FROM `think_keyword` WHERE `keyword` LIKE '%测试%' ORDER BY sort desc  [ RunTime:0.0007s ]
NOTIC: [8] Undefined index: return_type F:\lr\Application\Home\Controller\WXController.class.php 第 52 行.
NOTIC: [8] Undefined index: return_id F:\lr\Application\Home\Controller\WXController.class.php 第 53 行.
INFO: [ app_end ] --START--
INFO: Run Behavior\ShowPageTraceBehavior [ RunTime:0.000816s ]
INFO: [ app_end ] --END-- [ RunTime:0.000854s ]

[ 2016-10-17T18:21:32+08:00 ] 127.0.0.1 /Home/WX/index?signature=7dadde88090e867e79fd425caad0cb57eb4334cd&timestamp=1476699692&nonce=1518697875&openid=o81uSwYCjXGj53CVEPzjsERcslgo
INFO: [ app_init ] --START--
INFO: Run Behavior\BuildLiteBehavior [ RunTime:0.000014s ]
INFO: [ app_init ] --END-- [ RunTime:0.000522s ]
INFO: [ app_begin ] --START--
INFO: Run Behavior\ReadHtmlCacheBehavior [ RunTime:0.000855s ]
INFO: [ app_begin ] --END-- [ RunTime:0.000909s ]
NOTIC: [8] Undefined index: echostr F:\lr\Application\Home\Controller\WXController.class.php 第 11 行.
SQL: SHOW COLUMNS FROM `think_wx_user` [ RunTime:0.0028s ]
SQL: SHOW COLUMNS FROM `think_wx_user` [ RunTime:0.0031s ]
SQL: SELECT * FROM `think_wx_user` WHERE `openid` = 'o81uSwYCjXGj53CVEPzjsERcslgo' LIMIT 1   [ RunTime:0.0010s ]
SQL: SHOW COLUMNS FROM `think_keyword` [ RunTime:0.0026s ]
SQL: SHOW COLUMNS FROM `think_keyword` [ RunTime:0.0035s ]
SQL: SELECT `return_type`,`return_id` FROM `think_keyword` WHERE `keyword` LIKE '%测试%' ORDER BY sort desc  [ RunTime:0.0012s ]
NOTIC: [8] Undefined index: return_type F:\lr\Application\Home\Controller\WXController.class.php 第 52 行.
NOTIC: [8] Undefined index: return_id F:\lr\Application\Home\Controller\WXController.class.php 第 53 行.

[ 2016-10-17T18:21:45+08:00 ] 127.0.0.1 /Home/WX/index?signature=1d11bf01b0892b197b4fe2f5d30ff652d6c28406&timestamp=1476699704&nonce=772306485&openid=o81uSwYCjXGj53CVEPzjsERcslgo
INFO: [ app_init ] --START--
INFO: Run Behavior\BuildLiteBehavior [ RunTime:0.000015s ]
INFO: [ app_init ] --END-- [ RunTime:0.000554s ]
INFO: [ app_begin ] --START--
INFO: Run Behavior\ReadHtmlCacheBehavior [ RunTime:0.000849s ]
INFO: [ app_begin ] --END-- [ RunTime:0.000910s ]
NOTIC: [8] Undefined index: echostr F:\lr\Application\Home\Controller\WXController.class.php 第 11 行.
SQL: SHOW COLUMNS FROM `think_wx_user` [ RunTime:0.0081s ]
SQL: SHOW COLUMNS FROM `think_wx_user` [ RunTime:0.0032s ]
SQL: SELECT * FROM `think_wx_user` WHERE `openid` = 'o81uSwYCjXGj53CVEPzjsERcslgo' LIMIT 1   [ RunTime:0.0009s ]
SQL: SHOW COLUMNS FROM `think_keyword` [ RunTime:0.0024s ]
SQL: SHOW COLUMNS FROM `think_keyword` [ RunTime:0.0031s ]
SQL: SELECT `return_type`,`return_id` FROM `think_keyword` WHERE `keyword` LIKE '%111%' ORDER BY sort desc  [ RunTime:0.0009s ]

[ 2016-10-17T18:22:22+08:00 ] 127.0.0.1 /Home/WX/test
INFO: [ app_init ] --START--
INFO: Run Behavior\BuildLiteBehavior [ RunTime:0.000017s ]
INFO: [ app_init ] --END-- [ RunTime:0.000622s ]
INFO: [ app_begin ] --START--
INFO: Run Behavior\ReadHtmlCacheBehavior [ RunTime:0.000981s ]
INFO: [ app_begin ] --END-- [ RunTime:0.001043s ]
SQL: SHOW COLUMNS FROM `think_keyword` [ RunTime:0.0024s ]
SQL: SHOW COLUMNS FROM `think_keyword` [ RunTime:0.0028s ]
SQL: SELECT `return_type`,`return_id` FROM `think_keyword` WHERE `keyword` LIKE '%测试%' ORDER BY sort desc  [ RunTime:0.0008s ]
INFO: [ app_end ] --START--
INFO: Run Behavior\ShowPageTraceBehavior [ RunTime:0.000775s ]
INFO: [ app_end ] --END-- [ RunTime:0.000809s ]

[ 2016-10-17T18:24:06+08:00 ] 127.0.0.1 /Home/WX/test
INFO: [ app_init ] --START--
INFO: Run Behavior\BuildLiteBehavior [ RunTime:0.000012s ]
INFO: [ app_init ] --END-- [ RunTime:0.000416s ]
INFO: [ app_begin ] --START--
INFO: Run Behavior\ReadHtmlCacheBehavior [ RunTime:0.000704s ]
INFO: [ app_begin ] --END-- [ RunTime:0.000739s ]
SQL: SHOW COLUMNS FROM `think_keyword` [ RunTime:0.0025s ]
SQL: SHOW COLUMNS FROM `think_keyword` [ RunTime:0.0034s ]
SQL: SELECT `return_type`,`return_id` FROM `think_keyword` WHERE `keyword` LIKE '%测试%' ORDER BY sort desc  [ RunTime:0.0007s ]
INFO: [ app_end ] --START--
INFO: Run Behavior\ShowPageTraceBehavior [ RunTime:0.000785s ]
INFO: [ app_end ] --END-- [ RunTime:0.000821s ]

[ 2016-10-17T18:24:53+08:00 ] 127.0.0.1 /Home/WX/test
INFO: [ app_init ] --START--
INFO: Run Behavior\BuildLiteBehavior [ RunTime:0.000014s ]
INFO: [ app_init ] --END-- [ RunTime:0.000453s ]
INFO: [ app_begin ] --START--
INFO: Run Behavior\ReadHtmlCacheBehavior [ RunTime:0.000722s ]
INFO: [ app_begin ] --END-- [ RunTime:0.000798s ]
SQL: SHOW COLUMNS FROM `think_keyword` [ RunTime:0.0025s ]
SQL: SHOW COLUMNS FROM `think_keyword` [ RunTime:0.0033s ]
SQL: SELECT * FROM `think_keyword` WHERE `keyword` LIKE '%测试%' ORDER BY sort desc LIMIT 1   [ RunTime:0.0009s ]
INFO: [ app_end ] --START--
INFO: Run Behavior\ShowPageTraceBehavior [ RunTime:0.000879s ]
INFO: [ app_end ] --END-- [ RunTime:0.000942s ]

[ 2016-10-17T18:25:44+08:00 ] 127.0.0.1 /Home/WX/test
INFO: [ app_init ] --START--
INFO: Run Behavior\BuildLiteBehavior [ RunTime:0.000017s ]
INFO: [ app_init ] --END-- [ RunTime:0.000530s ]
INFO: [ app_begin ] --START--
INFO: Run Behavior\ReadHtmlCacheBehavior [ RunTime:0.000905s ]
INFO: [ app_begin ] --END-- [ RunTime:0.000972s ]
SQL: SHOW COLUMNS FROM `think_keyword` [ RunTime:0.0025s ]
SQL: SHOW COLUMNS FROM `think_keyword` [ RunTime:0.0028s ]
SQL: SELECT `return_type`,`return_id` FROM `think_keyword` WHERE `keyword` LIKE '%测试%' ORDER BY sort desc  [ RunTime:0.0010s ]
INFO: [ app_end ] --START--
INFO: Run Behavior\ShowPageTraceBehavior [ RunTime:0.000796s ]
INFO: [ app_end ] --END-- [ RunTime:0.000835s ]

[ 2016-10-17T18:25:55+08:00 ] 127.0.0.1 /Home/WX/test
INFO: [ app_init ] --START--
INFO: Run Behavior\BuildLiteBehavior [ RunTime:0.000019s ]
INFO: [ app_init ] --END-- [ RunTime:0.000649s ]
INFO: [ app_begin ] --START--
INFO: Run Behavior\ReadHtmlCacheBehavior [ RunTime:0.001039s ]
INFO: [ app_begin ] --END-- [ RunTime:0.001106s ]
SQL: SHOW COLUMNS FROM `think_keyword` [ RunTime:0.0043s ]
SQL: SHOW COLUMNS FROM `think_keyword` [ RunTime:0.0051s ]
ERR: 1054:Unknown column 'return_type，return_id' in 'field list'
 [ SQL语句 ] : SELECT `return_type，return_id` FROM `think_keyword` WHERE `keyword` LIKE '%测试%' ORDER BY sort desc LIMIT 1  
ERR: 1054:Unknown column 'return_type，return_id' in 'field list'
 [ SQL语句 ] : SELECT `return_type，return_id` FROM `think_keyword` WHERE `keyword` LIKE '%测试%' ORDER BY sort desc LIMIT 1  

[ 2016-10-17T18:26:37+08:00 ] 127.0.0.1 /Home/WX/test
INFO: [ app_init ] --START--
INFO: Run Behavior\BuildLiteBehavior [ RunTime:0.000014s ]
INFO: [ app_init ] --END-- [ RunTime:0.000598s ]
INFO: [ app_begin ] --START--
INFO: Run Behavior\ReadHtmlCacheBehavior [ RunTime:0.000893s ]
INFO: [ app_begin ] --END-- [ RunTime:0.000943s ]
SQL: SHOW COLUMNS FROM `think_keyword` [ RunTime:0.0030s ]
SQL: SHOW COLUMNS FROM `think_keyword` [ RunTime:0.0032s ]
SQL: SELECT `return_type`,`return_id` FROM `think_keyword` WHERE `keyword` LIKE '%测试%'  [ RunTime:0.0008s ]
INFO: [ app_end ] --START--
INFO: Run Behavior\ShowPageTraceBehavior [ RunTime:0.000720s ]
INFO: [ app_end ] --END-- [ RunTime:0.000755s ]

[ 2016-10-17T18:26:38+08:00 ] 127.0.0.1 /Home/WX/test
INFO: [ app_init ] --START--
INFO: Run Behavior\BuildLiteBehavior [ RunTime:0.000020s ]
INFO: [ app_init ] --END-- [ RunTime:0.000682s ]
INFO: [ app_begin ] --START--
INFO: Run Behavior\ReadHtmlCacheBehavior [ RunTime:0.001117s ]
INFO: [ app_begin ] --END-- [ RunTime:0.001191s ]
SQL: SHOW COLUMNS FROM `think_keyword` [ RunTime:0.0025s ]
SQL: SHOW COLUMNS FROM `think_keyword` [ RunTime:0.0031s ]
SQL: SELECT `return_type`,`return_id` FROM `think_keyword` WHERE `keyword` LIKE '%测试%'  [ RunTime:0.0007s ]
INFO: [ app_end ] --START--
INFO: Run Behavior\ShowPageTraceBehavior [ RunTime:0.000784s ]
INFO: [ app_end ] --END-- [ RunTime:0.000822s ]

[ 2016-10-17T18:26:38+08:00 ] 127.0.0.1 /Home/WX/test
INFO: [ app_init ] --START--
INFO: Run Behavior\BuildLiteBehavior [ RunTime:0.000017s ]
INFO: [ app_init ] --END-- [ RunTime:0.000568s ]
INFO: [ app_begin ] --START--
INFO: Run Behavior\ReadHtmlCacheBehavior [ RunTime:0.001078s ]
INFO: [ app_begin ] --END-- [ RunTime:0.001142s ]
SQL: SHOW COLUMNS FROM `think_keyword` [ RunTime:0.0027s ]
SQL: SHOW COLUMNS FROM `think_keyword` [ RunTime:0.0034s ]
SQL: SELECT `return_type`,`return_id` FROM `think_keyword` WHERE `keyword` LIKE '%测试%'  [ RunTime:0.0008s ]
INFO: [ app_end ] --START--
INFO: Run Behavior\ShowPageTraceBehavior [ RunTime:0.000660s ]
INFO: [ app_end ] --END-- [ RunTime:0.000696s ]

[ 2016-10-17T18:28:45+08:00 ] 127.0.0.1 /Home/WX/test
INFO: [ app_init ] --START--
INFO: Run Behavior\BuildLiteBehavior [ RunTime:0.000012s ]
INFO: [ app_init ] --END-- [ RunTime:0.000510s ]
INFO: [ app_begin ] --START--
INFO: Run Behavior\ReadHtmlCacheBehavior [ RunTime:0.000597s ]
INFO: [ app_begin ] --END-- [ RunTime:0.000635s ]
SQL: SHOW COLUMNS FROM `think_keyword` [ RunTime:0.0093s ]
SQL: SHOW COLUMNS FROM `think_keyword` [ RunTime:0.0032s ]
SQL: SELECT `return_type`,`return_id` FROM `think_keyword` WHERE `keyword` LIKE '%测试%' LIMIT 1   [ RunTime:0.0008s ]
INFO: [ app_end ] --START--
INFO: Run Behavior\ShowPageTraceBehavior [ RunTime:0.000717s ]
INFO: [ app_end ] --END-- [ RunTime:0.000754s ]

[ 2016-10-17T18:29:28+08:00 ] 127.0.0.1 /Home/WX/index?signature=de56104b541ceab3d88487802602d742f7f4e3cb&timestamp=1476700168&nonce=1842653554&openid=o81uSwYCjXGj53CVEPzjsERcslgo
INFO: [ app_init ] --START--
INFO: Run Behavior\BuildLiteBehavior [ RunTime:0.000014s ]
INFO: [ app_init ] --END-- [ RunTime:0.000485s ]
INFO: [ app_begin ] --START--
INFO: Run Behavior\ReadHtmlCacheBehavior [ RunTime:0.000737s ]
INFO: [ app_begin ] --END-- [ RunTime:0.000784s ]
NOTIC: [8] Undefined index: echostr F:\lr\Application\Home\Controller\WXController.class.php 第 11 行.
SQL: SHOW COLUMNS FROM `think_wx_user` [ RunTime:0.0078s ]
SQL: SHOW COLUMNS FROM `think_wx_user` [ RunTime:0.0031s ]
SQL: SELECT * FROM `think_wx_user` WHERE `openid` = 'o81uSwYCjXGj53CVEPzjsERcslgo' LIMIT 1   [ RunTime:0.0008s ]
SQL: SHOW COLUMNS FROM `think_keyword` [ RunTime:0.0023s ]
SQL: SHOW COLUMNS FROM `think_keyword` [ RunTime:0.0033s ]
SQL: SELECT `return_type`,`return_id` FROM `think_keyword` WHERE `keyword` LIKE '%测试%' ORDER BY sort desc LIMIT 1   [ RunTime:0.0010s ]
SQL: SHOW COLUMNS FROM `think_keyword_text` [ RunTime:0.0025s ]
SQL: SELECT `content` FROM `think_keyword_text` WHERE `id` = 1 AND `deleted` = 0 LIMIT 1   [ RunTime:0.0010s ]

[ 2016-10-17T18:30:06+08:00 ] 127.0.0.1 /Home/WX/test
INFO: [ app_init ] --START--
INFO: Run Behavior\BuildLiteBehavior [ RunTime:0.000014s ]
INFO: [ app_init ] --END-- [ RunTime:0.000476s ]
INFO: [ app_begin ] --START--
INFO: Run Behavior\ReadHtmlCacheBehavior [ RunTime:0.000606s ]
INFO: [ app_begin ] --END-- [ RunTime:0.000644s ]
SQL: SHOW COLUMNS FROM `think_keyword` [ RunTime:0.0056s ]
SQL: SHOW COLUMNS FROM `think_keyword` [ RunTime:0.0034s ]
SQL: SELECT `return_type`,`return_id` FROM `think_keyword` WHERE `keyword` LIKE '%测试%' ORDER BY sort desc LIMIT 1   [ RunTime:0.0009s ]
NOTIC: [8] Undefined variable: type F:\lr\Application\Home\Controller\WXController.class.php 第 99 行.
NOTIC: [8] Undefined variable: type F:\lr\Application\Home\Controller\WXController.class.php 第 103 行.
INFO: [ app_end ] --START--
INFO: Run Behavior\ShowPageTraceBehavior [ RunTime:0.000845s ]
INFO: [ app_end ] --END-- [ RunTime:0.000879s ]

[ 2016-10-17T18:30:43+08:00 ] 127.0.0.1 /Home/WX/test
INFO: [ app_init ] --START--
INFO: Run Behavior\BuildLiteBehavior [ RunTime:0.000014s ]
INFO: [ app_init ] --END-- [ RunTime:0.000416s ]
INFO: [ app_begin ] --START--
INFO: Run Behavior\ReadHtmlCacheBehavior [ RunTime:0.000634s ]
INFO: [ app_begin ] --END-- [ RunTime:0.000676s ]
SQL: SHOW COLUMNS FROM `think_keyword` [ RunTime:0.0026s ]
SQL: SHOW COLUMNS FROM `think_keyword` [ RunTime:0.0029s ]
SQL: SELECT `return_type`,`return_id` FROM `think_keyword` WHERE `keyword` LIKE '%测试%' ORDER BY sort desc LIMIT 1   [ RunTime:0.0007s ]
NOTIC: [8] Undefined variable: id F:\lr\Application\Home\Controller\WXController.class.php 第 102 行.
SQL: SHOW COLUMNS FROM `think_keyword_text` [ RunTime:0.0021s ]
SQL: SELECT `content` FROM `think_keyword_text` WHERE `id` = null AND `deleted` = 0 LIMIT 1   [ RunTime:0.0009s ]

[ 2016-10-17T18:33:37+08:00 ] 127.0.0.1 /Home/WX/index?signature=4fc4011fb45f734efdc3789983e0df02032f68e0&timestamp=1476700416&nonce=322203235&openid=o81uSwYCjXGj53CVEPzjsERcslgo
INFO: [ app_init ] --START--
INFO: Run Behavior\BuildLiteBehavior [ RunTime:0.000020s ]
INFO: [ app_init ] --END-- [ RunTime:0.000759s ]
INFO: [ app_begin ] --START--
INFO: Run Behavior\ReadHtmlCacheBehavior [ RunTime:0.001143s ]
INFO: [ app_begin ] --END-- [ RunTime:0.001218s ]
NOTIC: [8] Undefined index: echostr F:\lr\Application\Home\Controller\WXController.class.php 第 9 行.
SQL: SHOW COLUMNS FROM `think_wx_user` [ RunTime:0.0023s ]
SQL: SHOW COLUMNS FROM `think_wx_user` [ RunTime:0.0030s ]
SQL: SELECT * FROM `think_wx_user` WHERE `openid` = 'o81uSwYCjXGj53CVEPzjsERcslgo' LIMIT 1   [ RunTime:0.0008s ]
SQL: SHOW COLUMNS FROM `think_keyword` [ RunTime:0.0023s ]
SQL: SHOW COLUMNS FROM `think_keyword` [ RunTime:0.0037s ]
SQL: SELECT `return_type`,`return_id` FROM `think_keyword` WHERE `keyword` LIKE '%测试%' ORDER BY sort desc LIMIT 1   [ RunTime:0.0012s ]
SQL: SHOW COLUMNS FROM `think_keyword_text` [ RunTime:0.0023s ]
SQL: SELECT `content` FROM `think_keyword_text` WHERE `id` = 1 AND `deleted` = 0 LIMIT 1   [ RunTime:0.0009s ]

[ 2016-10-17T18:33:42+08:00 ] 127.0.0.1 /Home/WX/test
INFO: [ app_init ] --START--
INFO: Run Behavior\BuildLiteBehavior [ RunTime:0.000010s ]
INFO: [ app_init ] --END-- [ RunTime:0.000409s ]
INFO: [ app_begin ] --START--
INFO: Run Behavior\ReadHtmlCacheBehavior [ RunTime:0.000704s ]
INFO: [ app_begin ] --END-- [ RunTime:0.000741s ]
SQL: SHOW COLUMNS FROM `think_keyword` [ RunTime:0.0025s ]
SQL: SHOW COLUMNS FROM `think_keyword` [ RunTime:0.0028s ]
SQL: SELECT `return_type`,`return_id` FROM `think_keyword` WHERE `keyword` LIKE '%测试%' ORDER BY sort desc LIMIT 1   [ RunTime:0.0007s ]
NOTIC: [8] Undefined variable: id F:\lr\Application\Home\Controller\WXController.class.php 第 97 行.
SQL: SHOW COLUMNS FROM `think_keyword_text` [ RunTime:0.0020s ]
SQL: SELECT `content` FROM `think_keyword_text` WHERE `id` = null AND `deleted` = 0 LIMIT 1   [ RunTime:0.0008s ]
NOTIC: [2] Missing argument 2 for Home\Controller\WXController::return_text(), called in F:\lr\Application\Home\Controller\WXController.class.php on line 98 and defined F:\lr\Application\Home\Controller\WXController.class.php 第 106 行.
NOTIC: [2] Missing argument 3 for Home\Controller\WXController::return_text(), called in F:\lr\Application\Home\Controller\WXController.class.php on line 98 and defined F:\lr\Application\Home\Controller\WXController.class.php 第 106 行.
NOTIC: [8] Undefined variable: toUsername F:\lr\Application\Home\Controller\WXController.class.php 第 111 行.
NOTIC: [8] Undefined variable: msg F:\lr\Application\Home\Controller\WXController.class.php 第 114 行.

[ 2016-10-17T18:35:48+08:00 ] 127.0.0.1 /Home/WX/index?signature=02bd36d9790e7f366b9030e8a0d9c43d5de7ca86&timestamp=1476700548&nonce=820417252&openid=o81uSwYCjXGj53CVEPzjsERcslgo
INFO: [ app_init ] --START--
INFO: Run Behavior\BuildLiteBehavior [ RunTime:0.000011s ]
INFO: [ app_init ] --END-- [ RunTime:0.000430s ]
INFO: [ app_begin ] --START--
INFO: Run Behavior\ReadHtmlCacheBehavior [ RunTime:0.000644s ]
INFO: [ app_begin ] --END-- [ RunTime:0.000681s ]
NOTIC: [8] Undefined index: echostr F:\lr\Application\Home\Controller\WXController.class.php 第 9 行.
SQL: SHOW COLUMNS FROM `think_wx_user` [ RunTime:0.0024s ]
SQL: SHOW COLUMNS FROM `think_wx_user` [ RunTime:0.0030s ]
SQL: SELECT * FROM `think_wx_user` WHERE `openid` = 'o81uSwYCjXGj53CVEPzjsERcslgo' LIMIT 1   [ RunTime:0.0008s ]
SQL: SHOW COLUMNS FROM `think_keyword` [ RunTime:0.0029s ]
SQL: SHOW COLUMNS FROM `think_keyword` [ RunTime:0.0030s ]
SQL: SELECT `return_type`,`return_id` FROM `think_keyword` WHERE `keyword` LIKE '%111%' ORDER BY sort desc LIMIT 1   [ RunTime:0.0011s ]

[ 2016-10-17T18:36:11+08:00 ] 127.0.0.1 /Home/WX/test
INFO: [ app_init ] --START--
INFO: Run Behavior\BuildLiteBehavior [ RunTime:0.000016s ]
INFO: [ app_init ] --END-- [ RunTime:0.000407s ]
INFO: [ app_begin ] --START--
INFO: Run Behavior\ReadHtmlCacheBehavior [ RunTime:0.000687s ]
INFO: [ app_begin ] --END-- [ RunTime:0.000733s ]
SQL: SHOW COLUMNS FROM `think_keyword` [ RunTime:0.0028s ]
SQL: SHOW COLUMNS FROM `think_keyword` [ RunTime:0.0030s ]
SQL: SELECT `return_type`,`return_id` FROM `think_keyword` WHERE `keyword` LIKE '%测试%' ORDER BY sort desc LIMIT 1   [ RunTime:0.0008s ]
NOTIC: [8] Undefined variable: id F:\lr\Application\Home\Controller\WXController.class.php 第 97 行.
SQL: SHOW COLUMNS FROM `think_keyword_text` [ RunTime:0.0022s ]
SQL: SELECT `content` FROM `think_keyword_text` WHERE `id` = null AND `deleted` = 0 LIMIT 1   [ RunTime:0.0008s ]
NOTIC: [2] Missing argument 2 for Home\Controller\WXController::return_text(), called in F:\lr\Application\Home\Controller\WXController.class.php on line 99 and defined F:\lr\Application\Home\Controller\WXController.class.php 第 107 行.
NOTIC: [2] Missing argument 3 for Home\Controller\WXController::return_text(), called in F:\lr\Application\Home\Controller\WXController.class.php on line 99 and defined F:\lr\Application\Home\Controller\WXController.class.php 第 107 行.
NOTIC: [8] Undefined variable: toUsername F:\lr\Application\Home\Controller\WXController.class.php 第 112 行.
NOTIC: [8] Undefined variable: msg F:\lr\Application\Home\Controller\WXController.class.php 第 115 行.

[ 2016-10-17T18:36:36+08:00 ] 127.0.0.1 /Home/WX/test
INFO: [ app_init ] --START--
INFO: Run Behavior\BuildLiteBehavior [ RunTime:0.000016s ]
INFO: [ app_init ] --END-- [ RunTime:0.000517s ]
INFO: [ app_begin ] --START--
INFO: Run Behavior\ReadHtmlCacheBehavior [ RunTime:0.000775s ]
INFO: [ app_begin ] --END-- [ RunTime:0.000823s ]
SQL: SHOW COLUMNS FROM `think_keyword` [ RunTime:0.0028s ]
SQL: SHOW COLUMNS FROM `think_keyword` [ RunTime:0.0029s ]
SQL: SELECT `return_type`,`return_id` FROM `think_keyword` WHERE `keyword` LIKE '%测试%' ORDER BY sort desc LIMIT 1   [ RunTime:0.0008s ]
SQL: SHOW COLUMNS FROM `think_keyword_text` [ RunTime:0.0023s ]
SQL: SELECT `content` FROM `think_keyword_text` WHERE `id` = 1 AND `deleted` = 0 LIMIT 1   [ RunTime:0.0010s ]
NOTIC: [2] Missing argument 2 for Home\Controller\WXController::return_text(), called in F:\lr\Application\Home\Controller\WXController.class.php on line 100 and defined F:\lr\Application\Home\Controller\WXController.class.php 第 108 行.
NOTIC: [2] Missing argument 3 for Home\Controller\WXController::return_text(), called in F:\lr\Application\Home\Controller\WXController.class.php on line 100 and defined F:\lr\Application\Home\Controller\WXController.class.php 第 108 行.
NOTIC: [8] Undefined variable: toUsername F:\lr\Application\Home\Controller\WXController.class.php 第 113 行.
NOTIC: [8] Undefined variable: msg F:\lr\Application\Home\Controller\WXController.class.php 第 116 行.

[ 2016-10-17T18:36:54+08:00 ] 127.0.0.1 /Home/WX/test
INFO: [ app_init ] --START--
INFO: Run Behavior\BuildLiteBehavior [ RunTime:0.000022s ]
INFO: [ app_init ] --END-- [ RunTime:0.000792s ]
INFO: [ app_begin ] --START--
INFO: Run Behavior\ReadHtmlCacheBehavior [ RunTime:0.001199s ]
INFO: [ app_begin ] --END-- [ RunTime:0.001284s ]
SQL: SHOW COLUMNS FROM `think_keyword` [ RunTime:0.0046s ]
SQL: SHOW COLUMNS FROM `think_keyword` [ RunTime:0.0028s ]
SQL: SELECT `return_type`,`return_id` FROM `think_keyword` WHERE `keyword` LIKE '%测试%' ORDER BY sort desc LIMIT 1   [ RunTime:0.0010s ]
SQL: SHOW COLUMNS FROM `think_keyword_text` [ RunTime:0.0024s ]
SQL: SELECT `content` FROM `think_keyword_text` WHERE `id` = 1 AND `deleted` = 0 LIMIT 1   [ RunTime:0.0008s ]
NOTIC: [2] Missing argument 2 for Home\Controller\WXController::return_text(), called in F:\lr\Application\Home\Controller\WXController.class.php on line 101 and defined F:\lr\Application\Home\Controller\WXController.class.php 第 109 行.
NOTIC: [2] Missing argument 3 for Home\Controller\WXController::return_text(), called in F:\lr\Application\Home\Controller\WXController.class.php on line 101 and defined F:\lr\Application\Home\Controller\WXController.class.php 第 109 行.
NOTIC: [8] Undefined variable: toUsername F:\lr\Application\Home\Controller\WXController.class.php 第 114 行.
NOTIC: [8] Undefined variable: msg F:\lr\Application\Home\Controller\WXController.class.php 第 117 行.

[ 2016-10-17T18:37:12+08:00 ] 127.0.0.1 /Home/WX/test
INFO: [ app_init ] --START--
INFO: Run Behavior\BuildLiteBehavior [ RunTime:0.000018s ]
INFO: [ app_init ] --END-- [ RunTime:0.000584s ]
INFO: [ app_begin ] --START--
INFO: Run Behavior\ReadHtmlCacheBehavior [ RunTime:0.000953s ]
INFO: [ app_begin ] --END-- [ RunTime:0.001016s ]
SQL: SHOW COLUMNS FROM `think_keyword` [ RunTime:0.0024s ]
SQL: SHOW COLUMNS FROM `think_keyword` [ RunTime:0.0028s ]
SQL: SELECT `return_type`,`return_id` FROM `think_keyword` WHERE `keyword` LIKE '%测试%' ORDER BY sort desc LIMIT 1   [ RunTime:0.0007s ]
SQL: SHOW COLUMNS FROM `think_keyword_text` [ RunTime:0.0022s ]
SQL: SELECT `content` FROM `think_keyword_text` WHERE `id` = 1 AND `deleted` = 0 LIMIT 1   [ RunTime:0.0009s ]
NOTIC: [2] Missing argument 2 for Home\Controller\WXController::return_text(), called in F:\lr\Application\Home\Controller\WXController.class.php on line 101 and defined F:\lr\Application\Home\Controller\WXController.class.php 第 109 行.
NOTIC: [2] Missing argument 3 for Home\Controller\WXController::return_text(), called in F:\lr\Application\Home\Controller\WXController.class.php on line 101 and defined F:\lr\Application\Home\Controller\WXController.class.php 第 109 行.
NOTIC: [8] Undefined variable: toUsername F:\lr\Application\Home\Controller\WXController.class.php 第 114 行.
NOTIC: [8] Undefined variable: msg F:\lr\Application\Home\Controller\WXController.class.php 第 117 行.

[ 2016-10-17T18:37:30+08:00 ] 127.0.0.1 /Home/WX/index?signature=400ab3e552f8894d2845eb753f27343ec26b07a4&timestamp=1476700650&nonce=971271030&openid=o81uSwYCjXGj53CVEPzjsERcslgo
INFO: [ app_init ] --START--
INFO: Run Behavior\BuildLiteBehavior [ RunTime:0.000014s ]
INFO: [ app_init ] --END-- [ RunTime:0.000503s ]
INFO: [ app_begin ] --START--
INFO: Run Behavior\ReadHtmlCacheBehavior [ RunTime:0.000760s ]
INFO: [ app_begin ] --END-- [ RunTime:0.000810s ]
NOTIC: [8] Undefined index: echostr F:\lr\Application\Home\Controller\WXController.class.php 第 9 行.
SQL: SHOW COLUMNS FROM `think_wx_user` [ RunTime:0.0052s ]
SQL: SHOW COLUMNS FROM `think_wx_user` [ RunTime:0.0038s ]
SQL: SELECT * FROM `think_wx_user` WHERE `openid` = 'o81uSwYCjXGj53CVEPzjsERcslgo' LIMIT 1   [ RunTime:0.0012s ]
SQL: SHOW COLUMNS FROM `think_keyword` [ RunTime:0.0030s ]
SQL: SHOW COLUMNS FROM `think_keyword` [ RunTime:0.0039s ]
SQL: SELECT `return_type`,`return_id` FROM `think_keyword` WHERE `keyword` LIKE '%测试%' ORDER BY sort desc LIMIT 1   [ RunTime:0.0012s ]
SQL: SHOW COLUMNS FROM `think_keyword_text` [ RunTime:0.0027s ]
SQL: SELECT `content` FROM `think_keyword_text` WHERE `id` = 1 AND `deleted` = 0 LIMIT 1   [ RunTime:0.0010s ]

[ 2016-10-17T18:41:09+08:00 ] 127.0.0.1 /Home/WX/index?signature=1c449bfd0dab2ad563a251dd5d02b06ebc6613a3&timestamp=1476700869&nonce=791802838&openid=o81uSwYCjXGj53CVEPzjsERcslgo
INFO: [ app_init ] --START--
INFO: Run Behavior\BuildLiteBehavior [ RunTime:0.000018s ]
INFO: [ app_init ] --END-- [ RunTime:0.000593s ]
INFO: [ app_begin ] --START--
INFO: Run Behavior\ReadHtmlCacheBehavior [ RunTime:0.000693s ]
INFO: [ app_begin ] --END-- [ RunTime:0.000757s ]
NOTIC: [8] Undefined index: echostr F:\lr\Application\Home\Controller\WXController.class.php 第 9 行.
SQL: SHOW COLUMNS FROM `think_wx_user` [ RunTime:0.0077s ]
SQL: SHOW COLUMNS FROM `think_wx_user` [ RunTime:0.0031s ]
SQL: SELECT * FROM `think_wx_user` WHERE `openid` = 'o81uSwYCjXGj53CVEPzjsERcslgo' LIMIT 1   [ RunTime:0.0008s ]
SQL: SHOW COLUMNS FROM `think_keyword` [ RunTime:0.0023s ]
SQL: SHOW COLUMNS FROM `think_keyword` [ RunTime:0.0030s ]
SQL: SELECT `return_type`,`return_id` FROM `think_keyword` WHERE `keyword` LIKE '%测试%' AND `deleted` = 0 ORDER BY sort desc LIMIT 1   [ RunTime:0.0009s ]
SQL: SHOW COLUMNS FROM `think_keyword_text` [ RunTime:0.0024s ]
SQL: SELECT `content` FROM `think_keyword_text` WHERE `id` = 1 AND `deleted` = 0 LIMIT 1   [ RunTime:0.0010s ]

[ 2016-10-17T18:41:11+08:00 ] 127.0.0.1 /Home/WX/index?signature=230bbae8469433c7266ac60f095560b622e04423&timestamp=1476700871&nonce=1751624590&openid=o81uSwYCjXGj53CVEPzjsERcslgo
INFO: [ app_init ] --START--
INFO: Run Behavior\BuildLiteBehavior [ RunTime:0.000012s ]
INFO: [ app_init ] --END-- [ RunTime:0.000483s ]
INFO: [ app_begin ] --START--
INFO: Run Behavior\ReadHtmlCacheBehavior [ RunTime:0.000611s ]
INFO: [ app_begin ] --END-- [ RunTime:0.000652s ]
NOTIC: [8] Undefined index: echostr F:\lr\Application\Home\Controller\WXController.class.php 第 9 行.
SQL: SHOW COLUMNS FROM `think_wx_user` [ RunTime:0.0024s ]
SQL: SHOW COLUMNS FROM `think_wx_user` [ RunTime:0.0029s ]
SQL: SELECT * FROM `think_wx_user` WHERE `openid` = 'o81uSwYCjXGj53CVEPzjsERcslgo' LIMIT 1   [ RunTime:0.0007s ]
SQL: SHOW COLUMNS FROM `think_keyword` [ RunTime:0.0024s ]
SQL: SHOW COLUMNS FROM `think_keyword` [ RunTime:0.0030s ]
SQL: SELECT `return_type`,`return_id` FROM `think_keyword` WHERE `keyword` LIKE '%231%' AND `deleted` = 0 ORDER BY sort desc LIMIT 1   [ RunTime:0.0008s ]

[ 2016-10-17T18:41:15+08:00 ] 127.0.0.1 /Home/WX/index?signature=f5624c2ac30262a579553ebff881da2c27f18440&timestamp=1476700875&nonce=1827904303&openid=o81uSwYCjXGj53CVEPzjsERcslgo
INFO: [ app_init ] --START--
INFO: Run Behavior\BuildLiteBehavior [ RunTime:0.000025s ]
INFO: [ app_init ] --END-- [ RunTime:0.000425s ]
INFO: [ app_begin ] --START--
INFO: Run Behavior\ReadHtmlCacheBehavior [ RunTime:0.000666s ]
INFO: [ app_begin ] --END-- [ RunTime:0.000709s ]
NOTIC: [8] Undefined index: echostr F:\lr\Application\Home\Controller\WXController.class.php 第 9 行.
SQL: SHOW COLUMNS FROM `think_wx_user` [ RunTime:0.0025s ]
SQL: SHOW COLUMNS FROM `think_wx_user` [ RunTime:0.0037s ]
SQL: SELECT * FROM `think_wx_user` WHERE `openid` = 'o81uSwYCjXGj53CVEPzjsERcslgo' LIMIT 1   [ RunTime:0.0008s ]
SQL: SHOW COLUMNS FROM `think_keyword` [ RunTime:0.0022s ]
SQL: SHOW COLUMNS FROM `think_keyword` [ RunTime:0.0031s ]
SQL: SELECT `return_type`,`return_id` FROM `think_keyword` WHERE `keyword` LIKE '%测试1%' AND `deleted` = 0 ORDER BY sort desc LIMIT 1   [ RunTime:0.0011s ]

[ 2016-10-17T18:41:18+08:00 ] 127.0.0.1 /Home/WX/index?signature=ca8a99dfa747a2c03db51d114c43b58e981123d8&timestamp=1476700878&nonce=1352810852&openid=o81uSwYCjXGj53CVEPzjsERcslgo
INFO: [ app_init ] --START--
INFO: Run Behavior\BuildLiteBehavior [ RunTime:0.000013s ]
INFO: [ app_init ] --END-- [ RunTime:0.000412s ]
INFO: [ app_begin ] --START--
INFO: Run Behavior\ReadHtmlCacheBehavior [ RunTime:0.000695s ]
INFO: [ app_begin ] --END-- [ RunTime:0.000737s ]
NOTIC: [8] Undefined index: echostr F:\lr\Application\Home\Controller\WXController.class.php 第 9 行.
SQL: SHOW COLUMNS FROM `think_wx_user` [ RunTime:0.0057s ]
SQL: SHOW COLUMNS FROM `think_wx_user` [ RunTime:0.0029s ]
SQL: SELECT * FROM `think_wx_user` WHERE `openid` = 'o81uSwYCjXGj53CVEPzjsERcslgo' LIMIT 1   [ RunTime:0.0008s ]
SQL: SHOW COLUMNS FROM `think_keyword` [ RunTime:0.0023s ]
SQL: SHOW COLUMNS FROM `think_keyword` [ RunTime:0.0030s ]
SQL: SELECT `return_type`,`return_id` FROM `think_keyword` WHERE `keyword` LIKE '%测试3%' AND `deleted` = 0 ORDER BY sort desc LIMIT 1   [ RunTime:0.0008s ]

[ 2016-10-17T18:42:35+08:00 ] 127.0.0.1 /Home/WX/index?signature=59413036d7838752a6522002157dcad7fa075fa9&timestamp=1476700955&nonce=1829239039&openid=o81uSwYCjXGj53CVEPzjsERcslgo
INFO: [ app_init ] --START--
INFO: Run Behavior\BuildLiteBehavior [ RunTime:0.000011s ]
INFO: [ app_init ] --END-- [ RunTime:0.000368s ]
INFO: [ app_begin ] --START--
INFO: Run Behavior\ReadHtmlCacheBehavior [ RunTime:0.000685s ]
INFO: [ app_begin ] --END-- [ RunTime:0.000749s ]
NOTIC: [8] Undefined index: echostr F:\lr\Application\Home\Controller\WXController.class.php 第 9 行.
SQL: SHOW COLUMNS FROM `think_wx_user` [ RunTime:0.0027s ]
SQL: SHOW COLUMNS FROM `think_wx_user` [ RunTime:0.0031s ]
SQL: SELECT * FROM `think_wx_user` WHERE `openid` = 'o81uSwYCjXGj53CVEPzjsERcslgo' LIMIT 1   [ RunTime:0.0008s ]
SQL: SHOW COLUMNS FROM `think_keyword` [ RunTime:0.0022s ]
SQL: SHOW COLUMNS FROM `think_keyword` [ RunTime:0.0031s ]
SQL: SELECT `return_type`,`return_id` FROM `think_keyword` WHERE `keyword` LIKE '%测试1%' AND `deleted` = 0 ORDER BY sort desc LIMIT 1   [ RunTime:0.0008s ]

[ 2016-10-17T18:42:52+08:00 ] 127.0.0.1 /Home/WX/index?signature=bc29b34c179ddfee3051c3d53e821f44ff500ea0&timestamp=1476700972&nonce=1025041356&openid=o81uSwYCjXGj53CVEPzjsERcslgo
INFO: [ app_init ] --START--
INFO: Run Behavior\BuildLiteBehavior [ RunTime:0.000013s ]
INFO: [ app_init ] --END-- [ RunTime:0.000469s ]
INFO: [ app_begin ] --START--
INFO: Run Behavior\ReadHtmlCacheBehavior [ RunTime:0.000743s ]
INFO: [ app_begin ] --END-- [ RunTime:0.000790s ]
NOTIC: [8] Undefined index: echostr F:\lr\Application\Home\Controller\WXController.class.php 第 9 行.
SQL: SHOW COLUMNS FROM `think_wx_user` [ RunTime:0.0046s ]
SQL: SHOW COLUMNS FROM `think_wx_user` [ RunTime:0.0029s ]
SQL: SELECT * FROM `think_wx_user` WHERE `openid` = 'o81uSwYCjXGj53CVEPzjsERcslgo' LIMIT 1   [ RunTime:0.0008s ]
SQL: SHOW COLUMNS FROM `think_keyword` [ RunTime:0.0023s ]
SQL: SHOW COLUMNS FROM `think_keyword` [ RunTime:0.0031s ]
SQL: SELECT `return_type`,`return_id` FROM `think_keyword` WHERE `keyword` LIKE '%测试%' AND `deleted` = 0 ORDER BY sort desc LIMIT 1   [ RunTime:0.0007s ]
SQL: SHOW COLUMNS FROM `think_keyword_text` [ RunTime:0.0021s ]
SQL: SELECT `content` FROM `think_keyword_text` WHERE `id` = 1 AND `deleted` = 0 LIMIT 1   [ RunTime:0.0008s ]

[ 2016-10-17T18:42:55+08:00 ] 127.0.0.1 /Home/WX/index?signature=3c92096acba34ad2f3c2e38ad1affafe616deb94&timestamp=1476700974&nonce=656437563&openid=o81uSwYCjXGj53CVEPzjsERcslgo
INFO: [ app_init ] --START--
INFO: Run Behavior\BuildLiteBehavior [ RunTime:0.000017s ]
INFO: [ app_init ] --END-- [ RunTime:0.000598s ]
INFO: [ app_begin ] --START--
INFO: Run Behavior\ReadHtmlCacheBehavior [ RunTime:0.001031s ]
INFO: [ app_begin ] --END-- [ RunTime:0.001097s ]
NOTIC: [8] Undefined index: echostr F:\lr\Application\Home\Controller\WXController.class.php 第 9 行.
SQL: SHOW COLUMNS FROM `think_wx_user` [ RunTime:0.0034s ]
SQL: SHOW COLUMNS FROM `think_wx_user` [ RunTime:0.0032s ]
SQL: SELECT * FROM `think_wx_user` WHERE `openid` = 'o81uSwYCjXGj53CVEPzjsERcslgo' LIMIT 1   [ RunTime:0.0009s ]
SQL: SHOW COLUMNS FROM `think_keyword` [ RunTime:0.0023s ]
SQL: SHOW COLUMNS FROM `think_keyword` [ RunTime:0.0033s ]
SQL: SELECT `return_type`,`return_id` FROM `think_keyword` WHERE `keyword` LIKE '%测试2%' AND `deleted` = 0 ORDER BY sort desc LIMIT 1   [ RunTime:0.0011s ]

